<?xml version="1.0" encoding="UTF-8"?>
<!-- Generated by org.testng.reporters.JUnitReportReporter -->
<testsuite hostname="LAPTOP-N6849G24" failures="0" tests="1" name="day1.HTTPRequests" time="2.150" errors="0" timestamp="2024-02-12T16:41:43 IST" skipped="0">
  <testcase classname="day1.HTTPRequests" name="createUsers" time="2.150"/>
</testsuite> <!-- day1.HTTPRequests -->
