<?xml version="1.0" encoding="UTF-8"?>
<!-- Generated by org.testng.reporters.JUnitReportReporter -->
<testsuite hostname="LAPTOP-N6849G24" failures="0" tests="1" name="seleniumModule3.RegressionTest" time="3.489" errors="0" timestamp="15 Feb 2024 10:23:31 GMT">
  <testcase classname="seleniumModule3.RegressionTest" name="Forms" time="3.489"/>
</testsuite> <!-- seleniumModule3.RegressionTest -->
