<?xml version="1.0" encoding="UTF-8"?>
<!-- Generated by org.testng.reporters.JUnitReportReporter -->
<testsuite hostname="LAPTOP-N6849G24" failures="0" tests="2" name="Assignment2.Module3_Assignment_3" time="0.215" errors="0" timestamp="9 Feb 2024 08:11:06 GMT">
  <testcase classname="Assignment2.Module3_Assignment_3" name="Formsclick_element" time="0.111"/>
  <testcase classname="Assignment2.Module3_Assignment_3" name="PractiseFormsclick_element" time="0.104"/>
</testsuite> <!-- Assignment2.Module3_Assignment_3 -->
