<?xml version="1.0" encoding="UTF-8"?>
<!-- Generated by org.testng.reporters.JUnitReportReporter -->
<testsuite hostname="LAPTOP-N6849G24" failures="0" tests="2" name="seleniumModule3.SmokeRegression" time="48.783" errors="0" timestamp="7 Mar 2024 07:16:32 GMT">
  <testcase classname="seleniumModule3.SmokeRegression" name="formSmoke" time="32.223"/>
  <testcase classname="seleniumModule3.SmokeRegression" name="formReg" time="16.560"/>
</testsuite> <!-- seleniumModule3.SmokeRegression -->
