<?xml version="1.0" encoding="UTF-8"?>
<!-- Generated by org.testng.reporters.JUnitReportReporter -->
<testsuite hostname="LAPTOP-N6849G24" failures="0" tests="3" name="seleniumModule3.A3_Groups" time="3.853" errors="0" timestamp="19 Dec 2023 10:56:29 GMT">
  <testcase classname="seleniumModule3.A3_Groups" name="Test3" time="0.124"/>
  <testcase classname="seleniumModule3.A3_Groups" name="Test4" time="0.589"/>
  <testcase classname="seleniumModule3.A3_Groups" name="Test2" time="3.140"/>
</testsuite> <!-- seleniumModule3.A3_Groups -->
